[181818-31-58 59:315:3118.755]	local.info	DouYin_demo/main.go:22	log init success!
[2022-05-18 20:37:18.642]	local.info	DouYin_demo/main.go:22	log init success!
[2022-05-18 21:56:21.321]	local.info	DouYin_demo/main.go:22	log init success!
[2022-05-18 21:56:23.361]	local.error	bootstrap/db.go:103	mysql connect failed, err:	{"err": "dial tcp 127.0.0.1:8306: connectex: No connection could be made because the target machine actively refused it."}
[2022-05-18 21:56:23.361]	local.info	DouYin_demo/main.go:26	DB init success!
[2022-05-18 22:02:45.353]	local.info	DouYin_demo/main.go:22	log init success!
[2022-05-18 22:02:47.390]	local.error	bootstrap/db.go:103	mysql connect failed, err:	{"err": "dial tcp 127.0.0.1:8306: connectex: No connection could be made because the target machine actively refused it."}
[2022-05-18 22:02:47.390]	local.info	DouYin_demo/main.go:26	DB init success!
[2022-05-18 22:03:31.149]	local.info	DouYin_demo/main.go:22	log init success!
[2022-05-18 22:03:31.168]	local.error	bootstrap/db.go:103	mysql connect failed, err:	{"err": "Error 1045: Access denied for user 'root'@'localhost' (using password: YES)"}
[2022-05-18 22:03:31.168]	local.info	DouYin_demo/main.go:26	DB init success!
[2022-05-18 22:04:19.433]	local.info	DouYin_demo/main.go:22	log init success!
[2022-05-18 22:04:19.452]	local.info	DouYin_demo/main.go:26	DB init success!
[2022-05-18 22:09:55.087]	local.info	DouYin_demo/main.go:22	log init success!
[2022-05-18 22:09:55.165]	local.info	DouYin_demo/main.go:26	DB init success!
[2022-05-18 23:25:01.840]	local.info	DouYin_demo/main.go:22	log init success!
[2022-05-18 23:25:01.937]	local.info	DouYin_demo/main.go:26	DB init success!
[2022-05-18 23:26:54.001]	local.info	DouYin_demo/main.go:22	log init success!
[2022-05-18 23:26:54.100]	local.info	DouYin_demo/main.go:26	DB init success!
[2022-05-19 01:25:29.695]	local.info	DouYin_demo/main.go:20	log init success!
[2022-05-19 01:25:29.731]	local.info	DouYin_demo/main.go:24	DB init success!
[2022-05-19 01:27:03.991]	local.info	DouYin_demo/main.go:20	log init success!
[2022-05-19 01:27:04.027]	local.info	DouYin_demo/main.go:24	DB init success!
[2022-05-19 01:28:32.652]	local.info	DouYin_demo/main.go:20	log init success!
[2022-05-19 01:28:32.690]	local.info	DouYin_demo/main.go:24	DB init success!
[2022-05-19 01:29:08.696]	local.info	DouYin_demo/main.go:20	log init success!
[2022-05-19 01:29:08.729]	local.info	DouYin_demo/main.go:24	DB init success!
[2022-05-19 01:44:53.391]	local.info	DouYin_demo/main.go:20	log init success!
[2022-05-19 01:44:53.428]	local.info	DouYin_demo/main.go:24	DB init success!
[2022-05-19 02:49:55.166]	local.info	DouYin_demo/main.go:20	log init success!
[2022-05-19 02:49:55.208]	local.info	DouYin_demo/main.go:24	DB init success!
[2022-05-19 03:14:07.582]	local.info	DouYin_demo/main.go:20	log init success!
[2022-05-19 03:14:07.663]	local.info	DouYin_demo/main.go:24	DB init success!
[2022-05-19 03:17:23.114]	local.info	DouYin_demo/main.go:20	log init success!
[2022-05-19 03:17:23.159]	local.info	DouYin_demo/main.go:24	DB init success!
[2022-05-19 03:46:06.618]	local.info	DouYin_demo/main.go:20	log init success!
[2022-05-19 03:46:06.674]	local.info	DouYin_demo/main.go:24	DB init success!
[2022-05-19 04:01:39.866]	local.info	DouYin_demo/main.go:20	log init success!
[2022-05-19 04:01:39.931]	local.info	DouYin_demo/main.go:24	DB init success!
[2022-05-19 05:10:58.078]	local.info	DouYin_demo/main.go:20	log init success!
[2022-05-19 05:10:58.149]	local.info	DouYin_demo/main.go:24	DB init success!
[2022-05-19 05:24:02.136]	local.info	DouYin_demo/main.go:20	log init success!
[2022-05-19 05:24:02.192]	local.info	DouYin_demo/main.go:24	DB init success!
[2022-05-19 13:59:59.080]	local.info	DouYin_demo/main.go:20	log init success!
[2022-05-19 13:59:59.149]	local.info	DouYin_demo/main.go:24	DB init success!
[2022-05-19 14:03:51.748]	local.info	DouYin_demo/main.go:20	log init success!
[2022-05-19 14:03:51.795]	local.info	DouYin_demo/main.go:24	DB init success!
[2022-05-19 14:05:42.923]	local.info	DouYin_demo/main.go:20	log init success!
[2022-05-19 14:05:42.973]	local.info	DouYin_demo/main.go:24	DB init success!
[2022-05-19 14:06:53.257]	local.info	DouYin_demo/main.go:20	log init success!
[2022-05-19 14:06:53.297]	local.info	DouYin_demo/main.go:24	DB init success!
[2022-05-19 14:06:58.043]	local.info	services/user.go:25	11111111111
[2022-05-19 14:06:58.043]	local.info	services/user.go:28	221
[2022-05-19 14:08:07.441]	local.info	services/user.go:25	11111111111
[2022-05-19 14:08:07.441]	local.info	services/user.go:31	11111111111
[2022-05-19 14:08:07.442]	local.info	services/user.go:33	11111111111
[2022-05-19 16:00:35.993]	local.info	DouYin_demo/main.go:20	log init success!
[2022-05-19 16:00:36.197]	local.info	DouYin_demo/main.go:24	DB init success!
[2022-05-19 16:06:55.802]	local.info	DouYin_demo/main.go:20	log init success!
[2022-05-19 16:06:55.840]	local.info	DouYin_demo/main.go:24	DB init success!
[2022-05-19 16:07:06.805]	local.info	response/user.go:22	qay12345
[2022-05-19 16:30:59.391]	local.info	DouYin_demo/main.go:20	log init success!
[2022-05-19 16:30:59.446]	local.info	DouYin_demo/main.go:24	DB init success!
[2022-05-19 16:32:29.174]	local.info	DouYin_demo/main.go:20	log init success!
[2022-05-19 16:32:29.208]	local.info	DouYin_demo/main.go:24	DB init success!
[2022-05-19 16:58:49.977]	local.info	DouYin_demo/main.go:20	log init success!
[2022-05-19 16:58:50.046]	local.info	DouYin_demo/main.go:24	DB init success!
[2022-05-19 17:02:48.041]	local.info	DouYin_demo/main.go:20	log init success!
[2022-05-19 17:02:48.085]	local.info	DouYin_demo/main.go:24	DB init success!
[2022-05-19 17:04:47.355]	local.info	DouYin_demo/main.go:20	log init success!
[2022-05-19 17:04:47.392]	local.info	DouYin_demo/main.go:24	DB init success!
[2022-05-19 17:04:53.817]	local.info	services/user.go:25	13111
[2022-05-19 17:04:53.817]	local.info	services/user.go:27	13222
[2022-05-19 17:04:53.817]	local.info	response/user.go:22	vvvffff
[2022-05-19 17:06:22.566]	local.info	DouYin_demo/main.go:20	log init success!
[2022-05-19 17:06:22.604]	local.info	DouYin_demo/main.go:24	DB init success!
[2022-05-19 17:06:42.275]	local.info	response/user.go:22	dasdasdasxxxxxxx
[2022-05-19 17:08:17.502]	local.info	response/user.go:22	dasdasdmmmm
[2022-05-19 17:22:20.555]	local.info	DouYin_demo/main.go:20	log init success!
[2022-05-19 17:22:20.602]	local.info	DouYin_demo/main.go:24	DB init success!
[2022-05-19 21:42:09.106]	local.info	DouYin_demo/main.go:20	log init success!
[2022-05-19 21:42:09.308]	local.info	DouYin_demo/main.go:24	DB init success!
[2022-05-19 21:42:20.137]	local.info	response/user.go:28	dasdasdmmmmdsa
[2022-05-23 16:05:39.816]	local.info	DouYin_demo/main.go:20	log init success!
[2022-05-23 16:05:39.889]	local.info	DouYin_demo/main.go:24	DB init success!
