/r/n2022/05/18 21:56:23 E:/summerByteDance/DouYin_demo/bootstrap/db.go:99
[error] failed to initialize database, got error dial tcp 127.0.0.1:8306: connectex: No connection could be made because the target machine actively refused it.

2022/05/18 22:02:47 E:/summerByteDance/DouYin_demo/bootstrap/db.go:99
[error] failed to initialize database, got error dial tcp 127.0.0.1:8306: connectex: No connection could be made because the target machine actively refused it.

2022/05/18 22:03:31 E:/summerByteDance/DouYin_demo/bootstrap/db.go:99
[error] failed to initialize database, got error Error 1045: Access denied for user 'root'@'localhost' (using password: YES)

2022/05/18 22:09:55 C:/Users/13199425052/go/pkg/mod/gorm.io/driver/mysql@v1.3.3/migrator.go:228
[1.218ms] [rows:-] SELECT DATABASE()

2022/05/18 22:09:55 C:/Users/13199425052/go/pkg/mod/gorm.io/driver/mysql@v1.3.3/migrator.go:231
[2.869ms] [rows:1] SELECT SCHEMA_NAME from Information_schema.SCHEMATA where SCHEMA_NAME LIKE 'douyin_demo%' ORDER BY SCHEMA_NAME='douyin_demo' DESC limit 1

2022/05/18 22:09:55 E:/summerByteDance/DouYin_demo/bootstrap/db.go:116
[0.505ms] [rows:-] SELECT count(*) FROM information_schema.tables WHERE table_schema = 'douyin_demo' AND table_name = 'users' AND table_type = 'BASE TABLE'

2022/05/18 22:09:55 E:/summerByteDance/DouYin_demo/bootstrap/db.go:116
[56.392ms] [rows:0] CREATE TABLE `users` (`id` bigint unsigned AUTO_INCREMENT,`name` varchar(191) NOT NULL COMMENT '用户名称',`mobile` varchar(191) NOT NULL COMMENT '用户手机号',`password` varchar(191) NOT NULL DEFAULT '' COMMENT '用户密码',`created_at` datetime NULL,`updated_at` datetime NULL,`deleted_at` datetime NULL,PRIMARY KEY (`id`),INDEX idx_users_deleted_at (`deleted_at`),INDEX idx_users_mobile (`mobile`))

2022/05/18 23:25:01 C:/Users/13199425052/go/pkg/mod/gorm.io/driver/mysql@v1.3.3/migrator.go:228
[0.503ms] [rows:-] SELECT DATABASE()

2022/05/18 23:25:01 C:/Users/13199425052/go/pkg/mod/gorm.io/driver/mysql@v1.3.3/migrator.go:231
[8.794ms] [rows:1] SELECT SCHEMA_NAME from Information_schema.SCHEMATA where SCHEMA_NAME LIKE 'douyin_demo%' ORDER BY SCHEMA_NAME='douyin_demo' DESC limit 1

2022/05/18 23:25:01 E:/summerByteDance/DouYin_demo/bootstrap/db.go:117
[0.854ms] [rows:-] SELECT count(*) FROM information_schema.tables WHERE table_schema = 'douyin_demo' AND table_name = 'users' AND table_type = 'BASE TABLE'

2022/05/18 23:25:01 C:/Users/13199425052/go/pkg/mod/gorm.io/driver/mysql@v1.3.3/migrator.go:228
[0.000ms] [rows:-] SELECT DATABASE()

2022/05/18 23:25:01 C:/Users/13199425052/go/pkg/mod/gorm.io/driver/mysql@v1.3.3/migrator.go:231
[0.504ms] [rows:1] SELECT SCHEMA_NAME from Information_schema.SCHEMATA where SCHEMA_NAME LIKE 'douyin_demo%' ORDER BY SCHEMA_NAME='douyin_demo' DESC limit 1

2022/05/18 23:25:01 C:/Users/13199425052/go/pkg/mod/gorm.io/driver/mysql@v1.3.3/migrator.go:148
[6.490ms] [rows:-] SELECT * FROM `users` LIMIT 1

2022/05/18 23:25:01 C:/Users/13199425052/go/pkg/mod/gorm.io/driver/mysql@v1.3.3/migrator.go:166
[30.943ms] [rows:-] SELECT column_name, column_default, is_nullable = 'YES', data_type, character_maximum_length, column_type, column_key, extra, column_comment, numeric_precision, numeric_scale FROM information_schema.columns WHERE table_schema = 'douyin_demo' AND table_name = 'users' ORDER BY ORDINAL_POSITION

2022/05/18 23:25:01 C:/Users/13199425052/go/pkg/mod/gorm.io/driver/mysql@v1.3.3/migrator.go:228
[0.000ms] [rows:-] SELECT DATABASE()

2022/05/18 23:25:01 C:/Users/13199425052/go/pkg/mod/gorm.io/driver/mysql@v1.3.3/migrator.go:231
[0.947ms] [rows:1] SELECT SCHEMA_NAME from Information_schema.SCHEMATA where SCHEMA_NAME LIKE 'douyin_demo%' ORDER BY SCHEMA_NAME='douyin_demo' DESC limit 1

2022/05/18 23:25:01 E:/summerByteDance/DouYin_demo/bootstrap/db.go:117
[0.000ms] [rows:-] SELECT count(*) FROM information_schema.statistics WHERE table_schema = 'douyin_demo' AND table_name = 'users' AND index_name = 'idx_users_deleted_at'

2022/05/18 23:26:54 C:/Users/13199425052/go/pkg/mod/gorm.io/driver/mysql@v1.3.3/migrator.go:228
[0.503ms] [rows:-] SELECT DATABASE()

2022/05/18 23:26:54 C:/Users/13199425052/go/pkg/mod/gorm.io/driver/mysql@v1.3.3/migrator.go:231
[1.222ms] [rows:1] SELECT SCHEMA_NAME from Information_schema.SCHEMATA where SCHEMA_NAME LIKE 'douyin_demo%' ORDER BY SCHEMA_NAME='douyin_demo' DESC limit 1

2022/05/18 23:26:54 E:/summerByteDance/DouYin_demo/bootstrap/db.go:117
[0.505ms] [rows:-] SELECT count(*) FROM information_schema.tables WHERE table_schema = 'douyin_demo' AND table_name = 'users' AND table_type = 'BASE TABLE'

2022/05/18 23:26:54 E:/summerByteDance/DouYin_demo/bootstrap/db.go:117
[80.185ms] [rows:0] CREATE TABLE `users` (`id` bigint unsigned AUTO_INCREMENT,`name` varchar(191) NOT NULL COMMENT '用户名称',`password` varchar(191) NOT NULL DEFAULT '' COMMENT '用户密码',`created_at` datetime NULL,`updated_at` datetime NULL,`deleted_at` datetime NULL,PRIMARY KEY (`id`),INDEX idx_users_deleted_at (`deleted_at`))

2022/05/19 01:25:29 C:/Users/13199425052/go/pkg/mod/gorm.io/driver/mysql@v1.3.3/migrator.go:228
[0.000ms] [rows:-] SELECT DATABASE()

2022/05/19 01:25:29 C:/Users/13199425052/go/pkg/mod/gorm.io/driver/mysql@v1.3.3/migrator.go:231
[0.598ms] [rows:1] SELECT SCHEMA_NAME from Information_schema.SCHEMATA where SCHEMA_NAME LIKE 'douyin_demo%' ORDER BY SCHEMA_NAME='douyin_demo' DESC limit 1

2022/05/19 01:25:29 E:/summerByteDance/DouYin_demo/bootstrap/db.go:117
[0.000ms] [rows:-] SELECT count(*) FROM information_schema.tables WHERE table_schema = 'douyin_demo' AND table_name = 'users' AND table_type = 'BASE TABLE'

2022/05/19 01:25:29 C:/Users/13199425052/go/pkg/mod/gorm.io/driver/mysql@v1.3.3/migrator.go:228
[0.000ms] [rows:-] SELECT DATABASE()

2022/05/19 01:25:29 C:/Users/13199425052/go/pkg/mod/gorm.io/driver/mysql@v1.3.3/migrator.go:231
[0.778ms] [rows:1] SELECT SCHEMA_NAME from Information_schema.SCHEMATA where SCHEMA_NAME LIKE 'douyin_demo%' ORDER BY SCHEMA_NAME='douyin_demo' DESC limit 1

2022/05/19 01:25:29 C:/Users/13199425052/go/pkg/mod/gorm.io/driver/mysql@v1.3.3/migrator.go:148
[0.000ms] [rows:-] SELECT * FROM `users` LIMIT 1

2022/05/19 01:25:29 C:/Users/13199425052/go/pkg/mod/gorm.io/driver/mysql@v1.3.3/migrator.go:166
[16.130ms] [rows:-] SELECT column_name, column_default, is_nullable = 'YES', data_type, character_maximum_length, column_type, column_key, extra, column_comment, numeric_precision, numeric_scale FROM information_schema.columns WHERE table_schema = 'douyin_demo' AND table_name = 'users' ORDER BY ORDINAL_POSITION

2022/05/19 01:25:29 C:/Users/13199425052/go/pkg/mod/gorm.io/driver/mysql@v1.3.3/migrator.go:228
[0.000ms] [rows:-] SELECT DATABASE()

2022/05/19 01:25:29 C:/Users/13199425052/go/pkg/mod/gorm.io/driver/mysql@v1.3.3/migrator.go:231
[0.505ms] [rows:1] SELECT SCHEMA_NAME from Information_schema.SCHEMATA where SCHEMA_NAME LIKE 'douyin_demo%' ORDER BY SCHEMA_NAME='douyin_demo' DESC limit 1

2022/05/19 01:25:29 E:/summerByteDance/DouYin_demo/bootstrap/db.go:117
[0.000ms] [rows:-] SELECT count(*) FROM information_schema.statistics WHERE table_schema = 'douyin_demo' AND table_name = 'users' AND index_name = 'idx_users_deleted_at'

2022/05/19 01:27:04 C:/Users/13199425052/go/pkg/mod/gorm.io/driver/mysql@v1.3.3/migrator.go:228
[0.000ms] [rows:-] SELECT DATABASE()

2022/05/19 01:27:04 C:/Users/13199425052/go/pkg/mod/gorm.io/driver/mysql@v1.3.3/migrator.go:231
[0.504ms] [rows:1] SELECT SCHEMA_NAME from Information_schema.SCHEMATA where SCHEMA_NAME LIKE 'douyin_demo%' ORDER BY SCHEMA_NAME='douyin_demo' DESC limit 1

2022/05/19 01:27:04 E:/summerByteDance/DouYin_demo/bootstrap/db.go:117
[0.365ms] [rows:-] SELECT count(*) FROM information_schema.tables WHERE table_schema = 'douyin_demo' AND table_name = 'users' AND table_type = 'BASE TABLE'

2022/05/19 01:27:04 C:/Users/13199425052/go/pkg/mod/gorm.io/driver/mysql@v1.3.3/migrator.go:228
[0.505ms] [rows:-] SELECT DATABASE()

2022/05/19 01:27:04 C:/Users/13199425052/go/pkg/mod/gorm.io/driver/mysql@v1.3.3/migrator.go:231
[0.680ms] [rows:1] SELECT SCHEMA_NAME from Information_schema.SCHEMATA where SCHEMA_NAME LIKE 'douyin_demo%' ORDER BY SCHEMA_NAME='douyin_demo' DESC limit 1

2022/05/19 01:27:04 C:/Users/13199425052/go/pkg/mod/gorm.io/driver/mysql@v1.3.3/migrator.go:148
[0.000ms] [rows:-] SELECT * FROM `users` LIMIT 1

2022/05/19 01:27:04 C:/Users/13199425052/go/pkg/mod/gorm.io/driver/mysql@v1.3.3/migrator.go:166
[16.161ms] [rows:-] SELECT column_name, column_default, is_nullable = 'YES', data_type, character_maximum_length, column_type, column_key, extra, column_comment, numeric_precision, numeric_scale FROM information_schema.columns WHERE table_schema = 'douyin_demo' AND table_name = 'users' ORDER BY ORDINAL_POSITION

2022/05/19 01:27:04 C:/Users/13199425052/go/pkg/mod/gorm.io/driver/mysql@v1.3.3/migrator.go:228
[0.000ms] [rows:-] SELECT DATABASE()

2022/05/19 01:27:04 C:/Users/13199425052/go/pkg/mod/gorm.io/driver/mysql@v1.3.3/migrator.go:231
[0.633ms] [rows:1] SELECT SCHEMA_NAME from Information_schema.SCHEMATA where SCHEMA_NAME LIKE 'douyin_demo%' ORDER BY SCHEMA_NAME='douyin_demo' DESC limit 1

2022/05/19 01:27:04 E:/summerByteDance/DouYin_demo/bootstrap/db.go:117
[0.059ms] [rows:-] SELECT count(*) FROM information_schema.statistics WHERE table_schema = 'douyin_demo' AND table_name = 'users' AND index_name = 'idx_users_deleted_at'

2022/05/19 01:28:32 C:/Users/13199425052/go/pkg/mod/gorm.io/driver/mysql@v1.3.3/migrator.go:228
[0.505ms] [rows:-] SELECT DATABASE()

2022/05/19 01:28:32 C:/Users/13199425052/go/pkg/mod/gorm.io/driver/mysql@v1.3.3/migrator.go:231
[0.776ms] [rows:1] SELECT SCHEMA_NAME from Information_schema.SCHEMATA where SCHEMA_NAME LIKE 'douyin_demo%' ORDER BY SCHEMA_NAME='douyin_demo' DESC limit 1

2022/05/19 01:28:32 E:/summerByteDance/DouYin_demo/bootstrap/db.go:117
[0.000ms] [rows:-] SELECT count(*) FROM information_schema.tables WHERE table_schema = 'douyin_demo' AND table_name = 'users' AND table_type = 'BASE TABLE'

2022/05/19 01:28:32 C:/Users/13199425052/go/pkg/mod/gorm.io/driver/mysql@v1.3.3/migrator.go:228
[0.000ms] [rows:-] SELECT DATABASE()

2022/05/19 01:28:32 C:/Users/13199425052/go/pkg/mod/gorm.io/driver/mysql@v1.3.3/migrator.go:231
[0.503ms] [rows:1] SELECT SCHEMA_NAME from Information_schema.SCHEMATA where SCHEMA_NAME LIKE 'douyin_demo%' ORDER BY SCHEMA_NAME='douyin_demo' DESC limit 1

2022/05/19 01:28:32 C:/Users/13199425052/go/pkg/mod/gorm.io/driver/mysql@v1.3.3/migrator.go:148
[0.000ms] [rows:-] SELECT * FROM `users` LIMIT 1

2022/05/19 01:28:32 C:/Users/13199425052/go/pkg/mod/gorm.io/driver/mysql@v1.3.3/migrator.go:166
[16.996ms] [rows:-] SELECT column_name, column_default, is_nullable = 'YES', data_type, character_maximum_length, column_type, column_key, extra, column_comment, numeric_precision, numeric_scale FROM information_schema.columns WHERE table_schema = 'douyin_demo' AND table_name = 'users' ORDER BY ORDINAL_POSITION

2022/05/19 01:28:32 C:/Users/13199425052/go/pkg/mod/gorm.io/driver/mysql@v1.3.3/migrator.go:228
[0.000ms] [rows:-] SELECT DATABASE()

2022/05/19 01:28:32 C:/Users/13199425052/go/pkg/mod/gorm.io/driver/mysql@v1.3.3/migrator.go:231
[1.068ms] [rows:1] SELECT SCHEMA_NAME from Information_schema.SCHEMATA where SCHEMA_NAME LIKE 'douyin_demo%' ORDER BY SCHEMA_NAME='douyin_demo' DESC limit 1

2022/05/19 01:28:32 E:/summerByteDance/DouYin_demo/bootstrap/db.go:117
[0.504ms] [rows:-] SELECT count(*) FROM information_schema.statistics WHERE table_schema = 'douyin_demo' AND table_name = 'users' AND index_name = 'idx_users_deleted_at'

2022/05/19 01:29:08 C:/Users/13199425052/go/pkg/mod/gorm.io/driver/mysql@v1.3.3/migrator.go:228
[0.000ms] [rows:-] SELECT DATABASE()

2022/05/19 01:29:08 C:/Users/13199425052/go/pkg/mod/gorm.io/driver/mysql@v1.3.3/migrator.go:231
[0.667ms] [rows:1] SELECT SCHEMA_NAME from Information_schema.SCHEMATA where SCHEMA_NAME LIKE 'douyin_demo%' ORDER BY SCHEMA_NAME='douyin_demo' DESC limit 1

2022/05/19 01:29:08 E:/summerByteDance/DouYin_demo/bootstrap/db.go:117
[0.614ms] [rows:-] SELECT count(*) FROM information_schema.tables WHERE table_schema = 'douyin_demo' AND table_name = 'users' AND table_type = 'BASE TABLE'

2022/05/19 01:29:08 C:/Users/13199425052/go/pkg/mod/gorm.io/driver/mysql@v1.3.3/migrator.go:228
[0.000ms] [rows:-] SELECT DATABASE()

2022/05/19 01:29:08 C:/Users/13199425052/go/pkg/mod/gorm.io/driver/mysql@v1.3.3/migrator.go:231
[0.517ms] [rows:1] SELECT SCHEMA_NAME from Information_schema.SCHEMATA where SCHEMA_NAME LIKE 'douyin_demo%' ORDER BY SCHEMA_NAME='douyin_demo' DESC limit 1

2022/05/19 01:29:08 C:/Users/13199425052/go/pkg/mod/gorm.io/driver/mysql@v1.3.3/migrator.go:148
[0.171ms] [rows:-] SELECT * FROM `users` LIMIT 1

2022/05/19 01:29:08 C:/Users/13199425052/go/pkg/mod/gorm.io/driver/mysql@v1.3.3/migrator.go:166
[12.615ms] [rows:-] SELECT column_name, column_default, is_nullable = 'YES', data_type, character_maximum_length, column_type, column_key, extra, column_comment, numeric_precision, numeric_scale FROM information_schema.columns WHERE table_schema = 'douyin_demo' AND table_name = 'users' ORDER BY ORDINAL_POSITION

2022/05/19 01:29:08 C:/Users/13199425052/go/pkg/mod/gorm.io/driver/mysql@v1.3.3/migrator.go:228
[0.000ms] [rows:-] SELECT DATABASE()

2022/05/19 01:29:08 C:/Users/13199425052/go/pkg/mod/gorm.io/driver/mysql@v1.3.3/migrator.go:231
[0.524ms] [rows:1] SELECT SCHEMA_NAME from Information_schema.SCHEMATA where SCHEMA_NAME LIKE 'douyin_demo%' ORDER BY SCHEMA_NAME='douyin_demo' DESC limit 1

2022/05/19 01:29:08 E:/summerByteDance/DouYin_demo/bootstrap/db.go:117
[0.511ms] [rows:-] SELECT count(*) FROM information_schema.statistics WHERE table_schema = 'douyin_demo' AND table_name = 'users' AND index_name = 'idx_users_deleted_at'

2022/05/19 01:44:53 C:/Users/13199425052/go/pkg/mod/gorm.io/driver/mysql@v1.3.3/migrator.go:228
[0.000ms] [rows:-] SELECT DATABASE()

2022/05/19 01:44:53 C:/Users/13199425052/go/pkg/mod/gorm.io/driver/mysql@v1.3.3/migrator.go:231
[0.504ms] [rows:1] SELECT SCHEMA_NAME from Information_schema.SCHEMATA where SCHEMA_NAME LIKE 'douyin_demo%' ORDER BY SCHEMA_NAME='douyin_demo' DESC limit 1

2022/05/19 01:44:53 E:/summerByteDance/DouYin_demo/bootstrap/db.go:117
[0.000ms] [rows:-] SELECT count(*) FROM information_schema.tables WHERE table_schema = 'douyin_demo' AND table_name = 'users' AND table_type = 'BASE TABLE'

2022/05/19 01:44:53 C:/Users/13199425052/go/pkg/mod/gorm.io/driver/mysql@v1.3.3/migrator.go:228
[0.504ms] [rows:-] SELECT DATABASE()

2022/05/19 01:44:53 C:/Users/13199425052/go/pkg/mod/gorm.io/driver/mysql@v1.3.3/migrator.go:231
[0.604ms] [rows:1] SELECT SCHEMA_NAME from Information_schema.SCHEMATA where SCHEMA_NAME LIKE 'douyin_demo%' ORDER BY SCHEMA_NAME='douyin_demo' DESC limit 1

2022/05/19 01:44:53 C:/Users/13199425052/go/pkg/mod/gorm.io/driver/mysql@v1.3.3/migrator.go:148
[0.000ms] [rows:-] SELECT * FROM `users` LIMIT 1

2022/05/19 01:44:53 C:/Users/13199425052/go/pkg/mod/gorm.io/driver/mysql@v1.3.3/migrator.go:166
[17.690ms] [rows:-] SELECT column_name, column_default, is_nullable = 'YES', data_type, character_maximum_length, column_type, column_key, extra, column_comment, numeric_precision, numeric_scale FROM information_schema.columns WHERE table_schema = 'douyin_demo' AND table_name = 'users' ORDER BY ORDINAL_POSITION

2022/05/19 01:44:53 C:/Users/13199425052/go/pkg/mod/gorm.io/driver/mysql@v1.3.3/migrator.go:228
[0.000ms] [rows:-] SELECT DATABASE()

2022/05/19 01:44:53 C:/Users/13199425052/go/pkg/mod/gorm.io/driver/mysql@v1.3.3/migrator.go:231
[0.510ms] [rows:1] SELECT SCHEMA_NAME from Information_schema.SCHEMATA where SCHEMA_NAME LIKE 'douyin_demo%' ORDER BY SCHEMA_NAME='douyin_demo' DESC limit 1

2022/05/19 01:44:53 E:/summerByteDance/DouYin_demo/bootstrap/db.go:117
[0.511ms] [rows:-] SELECT count(*) FROM information_schema.statistics WHERE table_schema = 'douyin_demo' AND table_name = 'users' AND index_name = 'idx_users_deleted_at'

2022/05/19 02:49:55 C:/Users/13199425052/go/pkg/mod/gorm.io/driver/mysql@v1.3.3/migrator.go:228
[0.000ms] [rows:-] SELECT DATABASE()

2022/05/19 02:49:55 C:/Users/13199425052/go/pkg/mod/gorm.io/driver/mysql@v1.3.3/migrator.go:231
[2.145ms] [rows:1] SELECT SCHEMA_NAME from Information_schema.SCHEMATA where SCHEMA_NAME LIKE 'douyin_demo%' ORDER BY SCHEMA_NAME='douyin_demo' DESC limit 1

2022/05/19 02:49:55 E:/summerByteDance/DouYin_demo/bootstrap/db.go:117
[0.000ms] [rows:-] SELECT count(*) FROM information_schema.tables WHERE table_schema = 'douyin_demo' AND table_name = 'users' AND table_type = 'BASE TABLE'

2022/05/19 02:49:55 C:/Users/13199425052/go/pkg/mod/gorm.io/driver/mysql@v1.3.3/migrator.go:228
[0.000ms] [rows:-] SELECT DATABASE()

2022/05/19 02:49:55 C:/Users/13199425052/go/pkg/mod/gorm.io/driver/mysql@v1.3.3/migrator.go:231
[0.014ms] [rows:1] SELECT SCHEMA_NAME from Information_schema.SCHEMATA where SCHEMA_NAME LIKE 'douyin_demo%' ORDER BY SCHEMA_NAME='douyin_demo' DESC limit 1

2022/05/19 02:49:55 C:/Users/13199425052/go/pkg/mod/gorm.io/driver/mysql@v1.3.3/migrator.go:148
[0.503ms] [rows:-] SELECT * FROM `users` LIMIT 1

2022/05/19 02:49:55 C:/Users/13199425052/go/pkg/mod/gorm.io/driver/mysql@v1.3.3/migrator.go:166
[18.373ms] [rows:-] SELECT column_name, column_default, is_nullable = 'YES', data_type, character_maximum_length, column_type, column_key, extra, column_comment, numeric_precision, numeric_scale FROM information_schema.columns WHERE table_schema = 'douyin_demo' AND table_name = 'users' ORDER BY ORDINAL_POSITION

2022/05/19 02:49:55 C:/Users/13199425052/go/pkg/mod/gorm.io/driver/mysql@v1.3.3/migrator.go:228
[0.000ms] [rows:-] SELECT DATABASE()

2022/05/19 02:49:55 C:/Users/13199425052/go/pkg/mod/gorm.io/driver/mysql@v1.3.3/migrator.go:231
[1.097ms] [rows:1] SELECT SCHEMA_NAME from Information_schema.SCHEMATA where SCHEMA_NAME LIKE 'douyin_demo%' ORDER BY SCHEMA_NAME='douyin_demo' DESC limit 1

2022/05/19 02:49:55 E:/summerByteDance/DouYin_demo/bootstrap/db.go:117
[0.000ms] [rows:-] SELECT count(*) FROM information_schema.statistics WHERE table_schema = 'douyin_demo' AND table_name = 'users' AND index_name = 'idx_users_deleted_at'

2022/05/19 02:50:46 E:/summerByteDance/DouYin_demo/app/services/user.go:17 record not found
[5.016ms] [rows:0] SELECT `id` FROM `users` WHERE name = '张三' AND `users`.`deleted_at` IS NULL ORDER BY `users`.`id` LIMIT 1

2022/05/19 02:50:46 E:/summerByteDance/DouYin_demo/app/services/user.go:23
[10.868ms] [rows:1] INSERT INTO `users` (`name`,`password`,`created_at`,`updated_at`,`deleted_at`) VALUES ('张三','$2a$04$9Ghg8FRB.VEr5MdXlJbQ8OaLDta8mZUqL53gjZurrr1vQHB1G8qNy','2022-05-19 02:50:46.889','2022-05-19 02:50:46.889',NULL)

2022/05/19 03:04:27 E:/summerByteDance/DouYin_demo/app/services/user.go:17
[50.946ms] [rows:1] SELECT `id` FROM `users` WHERE name = '张三' AND `users`.`deleted_at` IS NULL ORDER BY `users`.`id` LIMIT 1

2022/05/19 03:04:40 E:/summerByteDance/DouYin_demo/app/services/user.go:17 record not found
[1.383ms] [rows:0] SELECT `id` FROM `users` WHERE name = 'lisi' AND `users`.`deleted_at` IS NULL ORDER BY `users`.`id` LIMIT 1

2022/05/19 03:04:40 E:/summerByteDance/DouYin_demo/app/services/user.go:23
[13.428ms] [rows:1] INSERT INTO `users` (`name`,`password`,`created_at`,`updated_at`,`deleted_at`) VALUES ('lisi','$2a$04$S46Sx82.W2OUguWDHa8w9uok8yZma1LsY1lKHus0.Kb0w3AjuuaRW','2022-05-19 03:04:40.893','2022-05-19 03:04:40.893',NULL)

2022/05/19 03:14:07 C:/Users/13199425052/go/pkg/mod/gorm.io/driver/mysql@v1.3.3/migrator.go:228
[0.509ms] [rows:-] SELECT DATABASE()

2022/05/19 03:14:07 C:/Users/13199425052/go/pkg/mod/gorm.io/driver/mysql@v1.3.3/migrator.go:231
[8.484ms] [rows:1] SELECT SCHEMA_NAME from Information_schema.SCHEMATA where SCHEMA_NAME LIKE 'douyin_demo%' ORDER BY SCHEMA_NAME='douyin_demo' DESC limit 1

2022/05/19 03:14:07 E:/summerByteDance/DouYin_demo/bootstrap/db.go:117
[2.314ms] [rows:-] SELECT count(*) FROM information_schema.tables WHERE table_schema = 'douyin_demo' AND table_name = 'users' AND table_type = 'BASE TABLE'

2022/05/19 03:14:07 C:/Users/13199425052/go/pkg/mod/gorm.io/driver/mysql@v1.3.3/migrator.go:228
[0.000ms] [rows:-] SELECT DATABASE()

2022/05/19 03:14:07 C:/Users/13199425052/go/pkg/mod/gorm.io/driver/mysql@v1.3.3/migrator.go:231
[0.507ms] [rows:1] SELECT SCHEMA_NAME from Information_schema.SCHEMATA where SCHEMA_NAME LIKE 'douyin_demo%' ORDER BY SCHEMA_NAME='douyin_demo' DESC limit 1

2022/05/19 03:14:07 C:/Users/13199425052/go/pkg/mod/gorm.io/driver/mysql@v1.3.3/migrator.go:148
[0.000ms] [rows:-] SELECT * FROM `users` LIMIT 1

2022/05/19 03:14:07 C:/Users/13199425052/go/pkg/mod/gorm.io/driver/mysql@v1.3.3/migrator.go:166
[27.066ms] [rows:-] SELECT column_name, column_default, is_nullable = 'YES', data_type, character_maximum_length, column_type, column_key, extra, column_comment, numeric_precision, numeric_scale FROM information_schema.columns WHERE table_schema = 'douyin_demo' AND table_name = 'users' ORDER BY ORDINAL_POSITION

2022/05/19 03:14:07 C:/Users/13199425052/go/pkg/mod/gorm.io/driver/mysql@v1.3.3/migrator.go:228
[0.000ms] [rows:-] SELECT DATABASE()

2022/05/19 03:14:07 C:/Users/13199425052/go/pkg/mod/gorm.io/driver/mysql@v1.3.3/migrator.go:231
[0.930ms] [rows:1] SELECT SCHEMA_NAME from Information_schema.SCHEMATA where SCHEMA_NAME LIKE 'douyin_demo%' ORDER BY SCHEMA_NAME='douyin_demo' DESC limit 1

2022/05/19 03:14:07 E:/summerByteDance/DouYin_demo/bootstrap/db.go:117
[0.000ms] [rows:-] SELECT count(*) FROM information_schema.statistics WHERE table_schema = 'douyin_demo' AND table_name = 'users' AND index_name = 'idx_users_deleted_at'

2022/05/19 03:16:32 E:/summerByteDance/DouYin_demo/app/services/user.go:17
[1.129ms] [rows:1] SELECT `id` FROM `users` WHERE name = 'lisi' AND `users`.`deleted_at` IS NULL ORDER BY `users`.`id` LIMIT 1

2022/05/19 03:16:37 E:/summerByteDance/DouYin_demo/app/services/user.go:17 record not found
[0.587ms] [rows:0] SELECT `id` FROM `users` WHERE name = 'lisi22' AND `users`.`deleted_at` IS NULL ORDER BY `users`.`id` LIMIT 1

2022/05/19 03:16:37 E:/summerByteDance/DouYin_demo/app/services/user.go:23
[4.119ms] [rows:1] INSERT INTO `users` (`name`,`password`,`created_at`,`updated_at`,`deleted_at`) VALUES ('lisi22','$2a$04$g63Rye1ejMEhD0H73wnE7eQYOqEduFavBsgfTKCS6W/C9YZGNw/Ly','2022-05-19 03:16:37.718','2022-05-19 03:16:37.718',NULL)

2022/05/19 03:17:23 C:/Users/13199425052/go/pkg/mod/gorm.io/driver/mysql@v1.3.3/migrator.go:228
[0.446ms] [rows:-] SELECT DATABASE()

2022/05/19 03:17:23 C:/Users/13199425052/go/pkg/mod/gorm.io/driver/mysql@v1.3.3/migrator.go:231
[0.596ms] [rows:1] SELECT SCHEMA_NAME from Information_schema.SCHEMATA where SCHEMA_NAME LIKE 'douyin_demo%' ORDER BY SCHEMA_NAME='douyin_demo' DESC limit 1

2022/05/19 03:17:23 E:/summerByteDance/DouYin_demo/bootstrap/db.go:117
[0.559ms] [rows:-] SELECT count(*) FROM information_schema.tables WHERE table_schema = 'douyin_demo' AND table_name = 'users' AND table_type = 'BASE TABLE'

2022/05/19 03:17:23 C:/Users/13199425052/go/pkg/mod/gorm.io/driver/mysql@v1.3.3/migrator.go:228
[0.000ms] [rows:-] SELECT DATABASE()

2022/05/19 03:17:23 C:/Users/13199425052/go/pkg/mod/gorm.io/driver/mysql@v1.3.3/migrator.go:231
[0.695ms] [rows:1] SELECT SCHEMA_NAME from Information_schema.SCHEMATA where SCHEMA_NAME LIKE 'douyin_demo%' ORDER BY SCHEMA_NAME='douyin_demo' DESC limit 1

2022/05/19 03:17:23 C:/Users/13199425052/go/pkg/mod/gorm.io/driver/mysql@v1.3.3/migrator.go:148
[0.856ms] [rows:-] SELECT * FROM `users` LIMIT 1

2022/05/19 03:17:23 C:/Users/13199425052/go/pkg/mod/gorm.io/driver/mysql@v1.3.3/migrator.go:166
[15.039ms] [rows:-] SELECT column_name, column_default, is_nullable = 'YES', data_type, character_maximum_length, column_type, column_key, extra, column_comment, numeric_precision, numeric_scale FROM information_schema.columns WHERE table_schema = 'douyin_demo' AND table_name = 'users' ORDER BY ORDINAL_POSITION

2022/05/19 03:17:23 C:/Users/13199425052/go/pkg/mod/gorm.io/driver/mysql@v1.3.3/migrator.go:228
[0.000ms] [rows:-] SELECT DATABASE()

2022/05/19 03:17:23 C:/Users/13199425052/go/pkg/mod/gorm.io/driver/mysql@v1.3.3/migrator.go:231
[0.559ms] [rows:1] SELECT SCHEMA_NAME from Information_schema.SCHEMATA where SCHEMA_NAME LIKE 'douyin_demo%' ORDER BY SCHEMA_NAME='douyin_demo' DESC limit 1

2022/05/19 03:17:23 E:/summerByteDance/DouYin_demo/bootstrap/db.go:117
[0.637ms] [rows:-] SELECT count(*) FROM information_schema.statistics WHERE table_schema = 'douyin_demo' AND table_name = 'users' AND index_name = 'idx_users_deleted_at'

2022/05/19 03:24:31 E:/summerByteDance/DouYin_demo/app/services/user.go:17
[2.878ms] [rows:1] SELECT `id` FROM `users` WHERE name = 'lisi22' AND `users`.`deleted_at` IS NULL ORDER BY `users`.`id` LIMIT 1

2022/05/19 03:46:06 C:/Users/13199425052/go/pkg/mod/gorm.io/driver/mysql@v1.3.3/migrator.go:228
[0.000ms] [rows:-] SELECT DATABASE()

2022/05/19 03:46:06 C:/Users/13199425052/go/pkg/mod/gorm.io/driver/mysql@v1.3.3/migrator.go:231
[2.500ms] [rows:1] SELECT SCHEMA_NAME from Information_schema.SCHEMATA where SCHEMA_NAME LIKE 'douyin_demo%' ORDER BY SCHEMA_NAME='douyin_demo' DESC limit 1

2022/05/19 03:46:06 E:/summerByteDance/DouYin_demo/bootstrap/db.go:117
[0.000ms] [rows:-] SELECT count(*) FROM information_schema.tables WHERE table_schema = 'douyin_demo' AND table_name = 'users' AND table_type = 'BASE TABLE'

2022/05/19 03:46:06 C:/Users/13199425052/go/pkg/mod/gorm.io/driver/mysql@v1.3.3/migrator.go:228
[0.000ms] [rows:-] SELECT DATABASE()

2022/05/19 03:46:06 C:/Users/13199425052/go/pkg/mod/gorm.io/driver/mysql@v1.3.3/migrator.go:231
[0.518ms] [rows:1] SELECT SCHEMA_NAME from Information_schema.SCHEMATA where SCHEMA_NAME LIKE 'douyin_demo%' ORDER BY SCHEMA_NAME='douyin_demo' DESC limit 1

2022/05/19 03:46:06 C:/Users/13199425052/go/pkg/mod/gorm.io/driver/mysql@v1.3.3/migrator.go:148
[0.000ms] [rows:-] SELECT * FROM `users` LIMIT 1

2022/05/19 03:46:06 C:/Users/13199425052/go/pkg/mod/gorm.io/driver/mysql@v1.3.3/migrator.go:166
[16.564ms] [rows:-] SELECT column_name, column_default, is_nullable = 'YES', data_type, character_maximum_length, column_type, column_key, extra, column_comment, numeric_precision, numeric_scale FROM information_schema.columns WHERE table_schema = 'douyin_demo' AND table_name = 'users' ORDER BY ORDINAL_POSITION

2022/05/19 03:46:06 C:/Users/13199425052/go/pkg/mod/gorm.io/driver/mysql@v1.3.3/migrator.go:228
[0.000ms] [rows:-] SELECT DATABASE()

2022/05/19 03:46:06 C:/Users/13199425052/go/pkg/mod/gorm.io/driver/mysql@v1.3.3/migrator.go:231
[0.511ms] [rows:1] SELECT SCHEMA_NAME from Information_schema.SCHEMATA where SCHEMA_NAME LIKE 'douyin_demo%' ORDER BY SCHEMA_NAME='douyin_demo' DESC limit 1

2022/05/19 03:46:06 E:/summerByteDance/DouYin_demo/bootstrap/db.go:117
[0.000ms] [rows:-] SELECT count(*) FROM information_schema.statistics WHERE table_schema = 'douyin_demo' AND table_name = 'users' AND index_name = 'idx_users_deleted_at'

2022/05/19 04:01:39 C:/Users/13199425052/go/pkg/mod/gorm.io/driver/mysql@v1.3.3/migrator.go:228
[0.040ms] [rows:-] SELECT DATABASE()

2022/05/19 04:01:39 C:/Users/13199425052/go/pkg/mod/gorm.io/driver/mysql@v1.3.3/migrator.go:231
[3.454ms] [rows:1] SELECT SCHEMA_NAME from Information_schema.SCHEMATA where SCHEMA_NAME LIKE 'douyin_demo%' ORDER BY SCHEMA_NAME='douyin_demo' DESC limit 1

2022/05/19 04:01:39 E:/summerByteDance/DouYin_demo/bootstrap/db.go:117
[0.000ms] [rows:-] SELECT count(*) FROM information_schema.tables WHERE table_schema = 'douyin_demo' AND table_name = 'users' AND table_type = 'BASE TABLE'

2022/05/19 04:01:39 C:/Users/13199425052/go/pkg/mod/gorm.io/driver/mysql@v1.3.3/migrator.go:228
[0.012ms] [rows:-] SELECT DATABASE()

2022/05/19 04:01:39 C:/Users/13199425052/go/pkg/mod/gorm.io/driver/mysql@v1.3.3/migrator.go:231
[0.717ms] [rows:1] SELECT SCHEMA_NAME from Information_schema.SCHEMATA where SCHEMA_NAME LIKE 'douyin_demo%' ORDER BY SCHEMA_NAME='douyin_demo' DESC limit 1

2022/05/19 04:01:39 C:/Users/13199425052/go/pkg/mod/gorm.io/driver/mysql@v1.3.3/migrator.go:148
[0.506ms] [rows:-] SELECT * FROM `users` LIMIT 1

2022/05/19 04:01:39 C:/Users/13199425052/go/pkg/mod/gorm.io/driver/mysql@v1.3.3/migrator.go:166
[25.311ms] [rows:-] SELECT column_name, column_default, is_nullable = 'YES', data_type, character_maximum_length, column_type, column_key, extra, column_comment, numeric_precision, numeric_scale FROM information_schema.columns WHERE table_schema = 'douyin_demo' AND table_name = 'users' ORDER BY ORDINAL_POSITION

2022/05/19 04:01:39 C:/Users/13199425052/go/pkg/mod/gorm.io/driver/mysql@v1.3.3/migrator.go:228
[0.000ms] [rows:-] SELECT DATABASE()

2022/05/19 04:01:39 C:/Users/13199425052/go/pkg/mod/gorm.io/driver/mysql@v1.3.3/migrator.go:231
[1.336ms] [rows:1] SELECT SCHEMA_NAME from Information_schema.SCHEMATA where SCHEMA_NAME LIKE 'douyin_demo%' ORDER BY SCHEMA_NAME='douyin_demo' DESC limit 1

2022/05/19 04:01:39 E:/summerByteDance/DouYin_demo/bootstrap/db.go:117
[0.000ms] [rows:-] SELECT count(*) FROM information_schema.statistics WHERE table_schema = 'douyin_demo' AND table_name = 'users' AND index_name = 'idx_users_deleted_at'

2022/05/19 04:01:52 E:/summerByteDance/DouYin_demo/app/services/user.go:17 record not found
[2.350ms] [rows:0] SELECT `id` FROM `users` WHERE name = 'dsadsa' AND `users`.`deleted_at` IS NULL ORDER BY `users`.`id` LIMIT 1

2022/05/19 04:01:52 E:/summerByteDance/DouYin_demo/app/services/user.go:23
[14.956ms] [rows:1] INSERT INTO `users` (`name`,`password`,`created_at`,`updated_at`,`deleted_at`) VALUES ('dsadsa','$2a$04$uJwPvttdLKenc9l0zFc8puyVd7mUbYQIpAaPkOWTSTktY94kn/E8y','2022-05-19 04:01:52.773','2022-05-19 04:01:52.773',NULL)

2022/05/19 05:10:58 C:/Users/13199425052/go/pkg/mod/gorm.io/driver/mysql@v1.3.3/migrator.go:228
[0.722ms] [rows:-] SELECT DATABASE()

2022/05/19 05:10:58 C:/Users/13199425052/go/pkg/mod/gorm.io/driver/mysql@v1.3.3/migrator.go:231
[3.395ms] [rows:1] SELECT SCHEMA_NAME from Information_schema.SCHEMATA where SCHEMA_NAME LIKE 'douyin_demo%' ORDER BY SCHEMA_NAME='douyin_demo' DESC limit 1

2022/05/19 05:10:58 E:/summerByteDance/DouYin_demo/bootstrap/db.go:117
[0.730ms] [rows:-] SELECT count(*) FROM information_schema.tables WHERE table_schema = 'douyin_demo' AND table_name = 'users' AND table_type = 'BASE TABLE'

2022/05/19 05:10:58 C:/Users/13199425052/go/pkg/mod/gorm.io/driver/mysql@v1.3.3/migrator.go:228
[0.000ms] [rows:-] SELECT DATABASE()

2022/05/19 05:10:58 C:/Users/13199425052/go/pkg/mod/gorm.io/driver/mysql@v1.3.3/migrator.go:231
[0.773ms] [rows:1] SELECT SCHEMA_NAME from Information_schema.SCHEMATA where SCHEMA_NAME LIKE 'douyin_demo%' ORDER BY SCHEMA_NAME='douyin_demo' DESC limit 1

2022/05/19 05:10:58 C:/Users/13199425052/go/pkg/mod/gorm.io/driver/mysql@v1.3.3/migrator.go:148
[1.505ms] [rows:-] SELECT * FROM `users` LIMIT 1

2022/05/19 05:10:58 C:/Users/13199425052/go/pkg/mod/gorm.io/driver/mysql@v1.3.3/migrator.go:166
[24.444ms] [rows:-] SELECT column_name, column_default, is_nullable = 'YES', data_type, character_maximum_length, column_type, column_key, extra, column_comment, numeric_precision, numeric_scale FROM information_schema.columns WHERE table_schema = 'douyin_demo' AND table_name = 'users' ORDER BY ORDINAL_POSITION

2022/05/19 05:10:58 C:/Users/13199425052/go/pkg/mod/gorm.io/driver/mysql@v1.3.3/migrator.go:228
[0.000ms] [rows:-] SELECT DATABASE()

2022/05/19 05:10:58 C:/Users/13199425052/go/pkg/mod/gorm.io/driver/mysql@v1.3.3/migrator.go:231
[1.144ms] [rows:1] SELECT SCHEMA_NAME from Information_schema.SCHEMATA where SCHEMA_NAME LIKE 'douyin_demo%' ORDER BY SCHEMA_NAME='douyin_demo' DESC limit 1

2022/05/19 05:10:58 E:/summerByteDance/DouYin_demo/bootstrap/db.go:117
[0.000ms] [rows:-] SELECT count(*) FROM information_schema.statistics WHERE table_schema = 'douyin_demo' AND table_name = 'users' AND index_name = 'idx_users_deleted_at'

2022/05/19 05:11:13 E:/summerByteDance/DouYin_demo/app/services/user.go:18 record not found
[1.476ms] [rows:0] SELECT `id` FROM `users` WHERE name = 'dsadasd' AND `users`.`deleted_at` IS NULL ORDER BY `users`.`id` LIMIT 1

2022/05/19 05:11:13 E:/summerByteDance/DouYin_demo/app/services/user.go:24
[4.052ms] [rows:1] INSERT INTO `users` (`name`,`password`,`created_at`,`updated_at`,`deleted_at`) VALUES ('dsadasd','$2a$04$71WiObk2Gmw4gFkMVpdF9uynx177z4tMBwqiMxlvQi3ewC5KpmFz6','2022-05-19 05:11:13.157','2022-05-19 05:11:13.157',NULL)

2022/05/19 05:11:58 E:/summerByteDance/DouYin_demo/app/services/user.go:18 record not found
[1.433ms] [rows:0] SELECT `id` FROM `users` WHERE name = 'dsadsad' AND `users`.`deleted_at` IS NULL ORDER BY `users`.`id` LIMIT 1

2022/05/19 05:11:58 E:/summerByteDance/DouYin_demo/app/services/user.go:24
[2.031ms] [rows:1] INSERT INTO `users` (`name`,`password`,`created_at`,`updated_at`,`deleted_at`) VALUES ('dsadsad','$2a$04$DDBaLVTd0WkEmW5agjQKYepYuWYqLqNIR7DRaucHSmFoCa4tKTCR6','2022-05-19 05:11:58.439','2022-05-19 05:11:58.439',NULL)

2022/05/19 05:14:37 E:/summerByteDance/DouYin_demo/app/services/user.go:18 record not found
[1.028ms] [rows:0] SELECT `id` FROM `users` WHERE name = 'dsadsassd' AND `users`.`deleted_at` IS NULL ORDER BY `users`.`id` LIMIT 1

2022/05/19 05:14:37 E:/summerByteDance/DouYin_demo/app/services/user.go:24
[3.340ms] [rows:1] INSERT INTO `users` (`name`,`password`,`created_at`,`updated_at`,`deleted_at`) VALUES ('dsadsassd','$2a$04$n67n4Q/Y58kf6IQ6OeHfPuRhkRq0hhK7CsIxiCXzKSrhTRtBVvwFi','2022-05-19 05:14:37.488','2022-05-19 05:14:37.488',NULL)

2022/05/19 05:24:02 C:/Users/13199425052/go/pkg/mod/gorm.io/driver/mysql@v1.3.3/migrator.go:228
[0.607ms] [rows:-] SELECT DATABASE()

2022/05/19 05:24:02 C:/Users/13199425052/go/pkg/mod/gorm.io/driver/mysql@v1.3.3/migrator.go:231
[1.397ms] [rows:1] SELECT SCHEMA_NAME from Information_schema.SCHEMATA where SCHEMA_NAME LIKE 'douyin_demo%' ORDER BY SCHEMA_NAME='douyin_demo' DESC limit 1

2022/05/19 05:24:02 E:/summerByteDance/DouYin_demo/bootstrap/db.go:117
[0.995ms] [rows:-] SELECT count(*) FROM information_schema.tables WHERE table_schema = 'douyin_demo' AND table_name = 'users' AND table_type = 'BASE TABLE'

2022/05/19 05:24:02 C:/Users/13199425052/go/pkg/mod/gorm.io/driver/mysql@v1.3.3/migrator.go:228
[0.010ms] [rows:-] SELECT DATABASE()

2022/05/19 05:24:02 C:/Users/13199425052/go/pkg/mod/gorm.io/driver/mysql@v1.3.3/migrator.go:231
[0.513ms] [rows:1] SELECT SCHEMA_NAME from Information_schema.SCHEMATA where SCHEMA_NAME LIKE 'douyin_demo%' ORDER BY SCHEMA_NAME='douyin_demo' DESC limit 1

2022/05/19 05:24:02 C:/Users/13199425052/go/pkg/mod/gorm.io/driver/mysql@v1.3.3/migrator.go:148
[0.000ms] [rows:-] SELECT * FROM `users` LIMIT 1

2022/05/19 05:24:02 C:/Users/13199425052/go/pkg/mod/gorm.io/driver/mysql@v1.3.3/migrator.go:166
[20.733ms] [rows:-] SELECT column_name, column_default, is_nullable = 'YES', data_type, character_maximum_length, column_type, column_key, extra, column_comment, numeric_precision, numeric_scale FROM information_schema.columns WHERE table_schema = 'douyin_demo' AND table_name = 'users' ORDER BY ORDINAL_POSITION

2022/05/19 05:24:02 C:/Users/13199425052/go/pkg/mod/gorm.io/driver/mysql@v1.3.3/migrator.go:228
[0.000ms] [rows:-] SELECT DATABASE()

2022/05/19 05:24:02 C:/Users/13199425052/go/pkg/mod/gorm.io/driver/mysql@v1.3.3/migrator.go:231
[0.000ms] [rows:1] SELECT SCHEMA_NAME from Information_schema.SCHEMATA where SCHEMA_NAME LIKE 'douyin_demo%' ORDER BY SCHEMA_NAME='douyin_demo' DESC limit 1

2022/05/19 05:24:02 E:/summerByteDance/DouYin_demo/bootstrap/db.go:117
[0.000ms] [rows:-] SELECT count(*) FROM information_schema.statistics WHERE table_schema = 'douyin_demo' AND table_name = 'users' AND index_name = 'idx_users_deleted_at'

2022/05/19 05:24:19 E:/summerByteDance/DouYin_demo/app/services/user.go:18 record not found
[1.487ms] [rows:0] SELECT `id` FROM `users` WHERE name = 'asdas' AND `users`.`deleted_at` IS NULL ORDER BY `users`.`id` LIMIT 1

2022/05/19 05:24:19 E:/summerByteDance/DouYin_demo/app/services/user.go:24
[10.809ms] [rows:1] INSERT INTO `users` (`name`,`password`,`created_at`,`updated_at`,`deleted_at`) VALUES ('asdas','$2a$04$49gh7neToXfG/3/IcrM14e6H5LslGXvoIZ9xONnwK5W5lUygEsBNC','2022-05-19 05:24:19.217','2022-05-19 05:24:19.217',NULL)

2022/05/19 05:24:38 E:/summerByteDance/DouYin_demo/app/services/user.go:18 record not found
[1.169ms] [rows:0] SELECT `id` FROM `users` WHERE name = 'sssssssssssssu' AND `users`.`deleted_at` IS NULL ORDER BY `users`.`id` LIMIT 1

2022/05/19 05:24:38 E:/summerByteDance/DouYin_demo/app/services/user.go:24
[3.071ms] [rows:1] INSERT INTO `users` (`name`,`password`,`created_at`,`updated_at`,`deleted_at`) VALUES ('sssssssssssssu','$2a$04$LmkNefCAZYLSkiBMMQMqJOQlwmmv7Jz768nwn18A7aReWegxKomv.','2022-05-19 05:24:38.704','2022-05-19 05:24:38.704',NULL)

2022/05/19 05:25:27 E:/summerByteDance/DouYin_demo/app/services/user.go:18
[0.065ms] [rows:1] SELECT `id` FROM `users` WHERE name = 'sssssssssssssu' AND `users`.`deleted_at` IS NULL ORDER BY `users`.`id` LIMIT 1
